<?xml version="1.0" encoding="UTF-8"?>
<!-- Generated by org.testng.reporters.JUnitReportReporter -->
<testsuite hostname="Dell" failures="0" tests="1" name="com.inetbanking.testCases.TC_EditCustomer_004" time="116.244" errors="0" timestamp="2021-04-29T20:22:22 PKT" skipped="0">
  <testcase classname="com.inetbanking.testCases.TC_EditCustomer_004" name="editCustomer" time="116.244"/>
  <system-out/>
</testsuite> <!-- com.inetbanking.testCases.TC_EditCustomer_004 -->
